<?xml version="1.0" encoding="UTF-8"?>
<!-- Generated by org.testng.reporters.JUnitReportReporter -->
<testsuite hostname="MSI" failures="0" tests="15" name="apiHandsOn.ApiRepo" time="2.097" errors="0" timestamp="2024-05-07T15:16:32 IST" skipped="14">
  <testcase classname="apiHandsOn.ApiRepo" name="deleteAFile" time="2.097"/>
  <system-out/>
  <testcase classname="apiHandsOn.ApiRepo" name="deleteARepository">
    <skipped/>
  </testcase> <!-- deleteARepository -->
  <system-out/>
  <testcase classname="apiHandsOn.ApiRepo" name="getARepository">
    <skipped/>
  </testcase> <!-- getARepository -->
  <system-out/>
  <testcase classname="apiHandsOn.ApiRepo" name="deleteAutolink">
    <skipped/>
  </testcase> <!-- deleteAutolink -->
  <system-out/>
  <testcase classname="apiHandsOn.ApiRepo" name="getAAutolinkReferance">
    <skipped/>
  </testcase> <!-- getAAutolinkReferance -->
  <system-out/>
  <testcase classname="apiHandsOn.ApiRepo" name="CreateOrUpdateFileContent">
    <skipped/>
  </testcase> <!-- CreateOrUpdateFileContent -->
  <system-out/>
  <testcase classname="apiHandsOn.ApiRepo" name="listRepositoryTag">
    <skipped/>
  </testcase> <!-- listRepositoryTag -->
  <system-out/>
  <testcase classname="apiHandsOn.ApiRepo" name="listRepositories">
    <skipped/>
  </testcase> <!-- listRepositories -->
  <system-out/>
  <testcase classname="apiHandsOn.ApiRepo" name="replaceRepoTopics">
    <skipped/>
  </testcase> <!-- replaceRepoTopics -->
  <system-out/>
  <testcase classname="apiHandsOn.ApiRepo" name="updateARepository">
    <skipped/>
  </testcase> <!-- updateARepository -->
  <system-out/>
  <testcase classname="apiHandsOn.ApiRepo" name="getAllRepositoryTopic">
    <skipped/>
  </testcase> <!-- getAllRepositoryTopic -->
  <system-out/>
  <testcase classname="apiHandsOn.ApiRepo" name="listPublicRepositories">
    <skipped/>
  </testcase> <!-- listPublicRepositories -->
  <system-out/>
  <testcase classname="apiHandsOn.ApiRepo" name="listRepositoryLanguage">
    <skipped/>
  </testcase> <!-- listRepositoryLanguage -->
  <system-out/>
  <testcase classname="apiHandsOn.ApiRepo" name="authorizationRepo">
    <skipped/>
  </testcase> <!-- authorizationRepo -->
  <system-out/>
  <testcase classname="apiHandsOn.ApiRepo" name="autolink">
    <skipped/>
  </testcase> <!-- autolink -->
  <system-out/>
</testsuite> <!-- apiHandsOn.ApiRepo -->
